<?xml version="1.0" encoding="UTF-8"?>
<!-- Generated by org.testng.reporters.JUnitXMLReporter -->
<testsuite hostname="PinkPrincess-PC" ignored="1" name="Default test" tests="1" failures="0" timestamp="24 Nov 2017 04:38:48 GMT" time="0.096" errors="0">
  <testcase name="AddedToCart" time="0.03" classname="testcases.ProductSuccessfullyAddedToCart"/>
  <testcase name="ablmethod" time="0.0" classname="testcases.testbase">
    <ignored/>
  </testcase> <!-- ablmethod -->
</testsuite> <!-- Default test -->
