<?xml version="1.0" encoding="UTF-8"?>
<testng-results skipped="0" failed="0" ignored="0" total="1" passed="1">
  <reporter-output>
  </reporter-output>
  <suite name="Suite" duration-ms="77" started-at="2017-11-29T03:57:01Z" finished-at="2017-11-29T03:57:01Z">
    <groups>
    </groups>
    <test name="Test" duration-ms="77" started-at="2017-11-29T03:57:01Z" finished-at="2017-11-29T03:57:01Z">
      <class name="testcases.testbase">
        <test-method status="PASS" signature="Init()[pri:0, instance:testcases.testbase@64bfbc86]" name="Init" is-config="true" duration-ms="19934" started-at="2017-11-29T16:56:41Z" finished-at="2017-11-29T16:57:01Z">
          <reporter-output>
          </reporter-output>
        </test-method> <!-- Init -->
        <test-method status="PASS" signature="ablmethod()[pri:0, instance:testcases.testbase@64bfbc86]" name="ablmethod" duration-ms="13" started-at="2017-11-29T16:57:01Z" finished-at="2017-11-29T16:57:01Z">
          <reporter-output>
          </reporter-output>
        </test-method> <!-- ablmethod -->
      </class> <!-- testcases.testbase -->
    </test> <!-- Test -->
  </suite> <!-- Suite -->
</testng-results>
