<?xml version="1.0" encoding="UTF-8"?>
<testng-results skipped="0" failed="0" ignored="0" total="1" passed="1">
  <reporter-output>
  </reporter-output>
  <suite name="Default suite" duration-ms="33054" started-at="2018-01-08T19:51:18Z" finished-at="2018-01-08T19:51:51Z">
    <groups>
    </groups>
    <test name="Default test" duration-ms="33054" started-at="2018-01-08T19:51:18Z" finished-at="2018-01-08T19:51:51Z">
      <class name="testcases.AddToCart">
        <test-method status="PASS" signature="meth1()[pri:0, instance:testcases.AddToCart@3159c4b8]" name="meth1" duration-ms="32995" started-at="2018-01-09T08:51:18Z" finished-at="2018-01-09T08:51:51Z">
          <reporter-output>
          </reporter-output>
        </test-method> <!-- meth1 -->
      </class> <!-- testcases.AddToCart -->
    </test> <!-- Default test -->
  </suite> <!-- Default suite -->
</testng-results>
